<?xml version="1.0" encoding="UTF-8"?>
<testsuite name="com.plaxa.HibernateRunnerTest" tests="1" skipped="0" failures="0" errors="0" timestamp="2021-11-15T12:08:49" hostname="MacBook-Pro-Maksim.local" time="3.329">
  <properties/>
  <testcase name="addUserToNewCompany()" classname="com.plaxa.HibernateRunnerTest" time="3.329"/>
  <system-out><![CDATA[[15:08:49,644] INFO [org.hibernate.Version: 44] HHH000412: Hibernate ORM core version 5.6.1.Final
[15:08:49,968] INFO [Hibernate Types: 298] This framework is proudly powered by:

>>>>>>>>>>>>>>>>>>>>>>>>>>>>>>>>>>>>>>>>>>>>>>>>>>>>>>>>>>>>>>>>
 _    _                           _     _
| |  | |                         (_)   | |
| |__| |_   _ _ __   ___ _ __ ___ _ ___| |_ ___ _ __   ___ ___
|  __  | | | | '_ \ / _ \ '__/ __| / __| __/ _ \ '_ \ / __/ _ \
| |  | | |_| | |_) |  __/ |  \__ \ \__ \ ||  __/ | | | (_|  __/
|_|  |_|\__, | .__/ \___|_|  |___/_|___/\__\___|_| |_|\___\___|
         __/ | |
        |___/|_|

At Hypersistence, we only build amazing tools, like Hibernate Types, Flexy Pool, or Hypersistence Optimizer.

What if there were a tool that could automatically detect JPA and Hibernate performance issues?

Hypersistence Optimizer is that tool! For more details, go to: 

https://vladmihalcea.com/hypersistence-optimizer/
<<<<<<<<<<<<<<<<<<<<<<<<<<<<<<<<<<<<<<<<<<<<<<<<<<<<<<<<<<<<<<<<

[15:08:50,746] INFO [org.hibernate.annotations.common.Version: 56] HCANN000001: Hibernate Commons Annotations {5.1.2.Final}
[15:08:50,906] WARN [org.hibernate.orm.connections.pooling: 72] HHH10001002: Using Hibernate built-in connection pool (not for production use!)
[15:08:50,917] INFO [org.hibernate.orm.connections.pooling: 115] HHH10001005: using driver [org.postgresql.Driver] at URL [jdbc:postgresql://localhost:5433/postgres]
[15:08:50,918] INFO [org.hibernate.orm.connections.pooling: 124] HHH10001001: Connection properties: {password=****, user=postgres}
[15:08:50,920] INFO [org.hibernate.orm.connections.pooling: 129] HHH10001003: Autocommit mode: false
[15:08:50,925] INFO [org.hibernate.engine.jdbc.connections.internal.DriverManagerConnectionProviderImpl: 274] HHH000115: Hibernate connection pool size: 20 (min=1)
[15:08:51,409] INFO [org.hibernate.dialect.Dialect: 175] HHH000400: Using dialect: org.hibernate.dialect.PostgreSQL10Dialect
[15:08:52,449] INFO [org.hibernate.engine.transaction.jta.platform.internal.JtaPlatformInitiator: 52] HHH000490: Using JtaPlatform implementation: [org.hibernate.engine.transaction.jta.platform.internal.NoJtaPlatform]
Hibernate: 
    insert 
    into
        Company
        (name) 
    values
        (?)
Hibernate: 
    insert 
    into
        public.users
        (company_id, info, birth_date, firstname, lastname, role, username) 
    values
        (?, ?, ?, ?, ?, ?, ?)
[15:08:52,681] INFO [org.hibernate.orm.connections.pooling: 502] HHH10001008: Cleaning up connection pool [jdbc:postgresql://localhost:5433/postgres]
]]></system-out>
  <system-err><![CDATA[]]></system-err>
</testsuite>
